<?xml version="1.0" encoding="UTF-8"?>
<!-- Generated by org.testng.reporters.JUnitReportReporter -->
<testsuite skipped="0" hostname="DESKTOP-1KFO58I" name="testcases.TC001" tests="1" failures="0" timestamp="11 Nov 2020 06:24:04 GMT" time="7.418" errors="0">
  <testcase name="testcase1" time="7.418" classname="testcases.TC001"/>
</testsuite> <!-- testcases.TC001 -->
